e:\siglusextract\lib\libtheora-1.1.1\win32\vs2008\libtheora\win32\release_sse\rate.obj
e:\siglusextract\lib\libtheora-1.1.1\win32\vs2008\libtheora\win32\release_sse\mcenc.obj
e:\siglusextract\lib\libtheora-1.1.1\win32\vs2008\libtheora\win32\release_sse\mathops.obj
e:\siglusextract\lib\libtheora-1.1.1\win32\vs2008\libtheora\win32\release_sse\internal.obj
e:\siglusextract\lib\libtheora-1.1.1\win32\vs2008\libtheora\win32\release_sse\info.obj
e:\siglusextract\lib\libtheora-1.1.1\win32\vs2008\libtheora\win32\release_sse\huffenc.obj
e:\siglusextract\lib\libtheora-1.1.1\win32\vs2008\libtheora\win32\release_sse\huffdec.obj
e:\siglusextract\lib\libtheora-1.1.1\win32\vs2008\libtheora\win32\release_sse\fragment.obj
e:\siglusextract\lib\libtheora-1.1.1\win32\vs2008\libtheora\win32\release_sse\fdct.obj
e:\siglusextract\lib\libtheora-1.1.1\win32\vs2008\libtheora\win32\release_sse\enquant.obj
e:\siglusextract\lib\libtheora-1.1.1\win32\vs2008\libtheora\win32\release_sse\encode.obj
e:\siglusextract\lib\libtheora-1.1.1\win32\vs2008\libtheora\win32\release_sse\encinfo.obj
e:\siglusextract\lib\libtheora-1.1.1\win32\vs2008\libtheora\win32\release_sse\encfrag.obj
e:\siglusextract\lib\libtheora-1.1.1\win32\vs2008\libtheora\win32\release_sse\encapiwrapper.obj
e:\siglusextract\lib\libtheora-1.1.1\win32\vs2008\libtheora\win32\release_sse\dequant.obj
e:\siglusextract\lib\libtheora-1.1.1\win32\vs2008\libtheora\win32\release_sse\decinfo.obj
e:\siglusextract\lib\libtheora-1.1.1\win32\vs2008\libtheora\win32\release_sse\decapiwrapper.obj
e:\siglusextract\lib\libtheora-1.1.1\win32\vs2008\libtheora\win32\release_sse\cpu.obj
e:\siglusextract\lib\libtheora-1.1.1\win32\vs2008\libtheora\win32\release_sse\apiwrapper.obj
e:\siglusextract\lib\libtheora-1.1.1\win32\vs2008\libtheora\win32\release_sse\analyze.obj
e:\siglusextract\lib\libtheora-1.1.1\win32\vs2008\libtheora\win32\release_sse\x86state.obj
e:\siglusextract\lib\libtheora-1.1.1\win32\vs2008\libtheora\win32\release_sse\x86enc.obj
e:\siglusextract\lib\libtheora-1.1.1\win32\vs2008\libtheora\win32\release_sse\mmxstate.obj
e:\siglusextract\lib\libtheora-1.1.1\win32\vs2008\libtheora\win32\release_sse\mmxidct.obj
e:\siglusextract\lib\libtheora-1.1.1\win32\vs2008\libtheora\win32\release_sse\mmxfrag.obj
e:\siglusextract\lib\libtheora-1.1.1\win32\vs2008\libtheora\win32\release_sse\mmxfdct.obj
e:\siglusextract\lib\libtheora-1.1.1\win32\vs2008\libtheora\win32\release_sse\mmxencfrag.obj
e:\siglusextract\lib\libtheora-1.1.1\win32\vs2008\libtheora\win32\release_sse\tokenize.obj
e:\siglusextract\lib\libtheora-1.1.1\win32\vs2008\libtheora\win32\release_sse\state.obj
e:\siglusextract\lib\libtheora-1.1.1\win32\vs2008\libtheora\win32\release_sse\bitpack.obj
e:\siglusextract\lib\libtheora-1.1.1\win32\vs2008\libtheora\win32\release_sse\decode1.obj
e:\siglusextract\lib\libtheora-1.1.1\win32\vs2008\libtheora\win32\release_sse\idct1.obj
e:\siglusextract\lib\libtheora-1.1.1\win32\vs2008\libtheora\win32\release_sse\quant1.obj
e:\siglusextract\lib\libtheora-1.1.1\win32\vs2008\win32\release_sse\libtheora_static.lib
e:\siglusextract\lib\libtheora-1.1.1\win32\vs2008\libtheora\win32\release_sse\libtheora_static.tlog\cl.command.1.tlog
e:\siglusextract\lib\libtheora-1.1.1\win32\vs2008\libtheora\win32\release_sse\libtheora_static.tlog\cl.read.1.tlog
e:\siglusextract\lib\libtheora-1.1.1\win32\vs2008\libtheora\win32\release_sse\libtheora_static.tlog\cl.write.1.tlog
e:\siglusextract\lib\libtheora-1.1.1\win32\vs2008\libtheora\win32\release_sse\libtheora_static.tlog\lib-link.read.1.tlog
e:\siglusextract\lib\libtheora-1.1.1\win32\vs2008\libtheora\win32\release_sse\libtheora_static.tlog\lib-link.write.1.tlog
e:\siglusextract\lib\libtheora-1.1.1\win32\vs2008\libtheora\win32\release_sse\libtheora_static.tlog\lib.command.1.tlog
