e:\siglusextract\lib\libvorbis-1.3.5\win32\vs2010\libvorbis\win32\release\vc120.pdb
e:\siglusextract\lib\libvorbis-1.3.5\win32\vs2010\libvorbis\win32\release\vorbisenc.obj
e:\siglusextract\lib\libvorbis-1.3.5\win32\vs2010\libvorbis\win32\release\synthesis.obj
e:\siglusextract\lib\libvorbis-1.3.5\win32\vs2010\libvorbis\win32\release\smallft.obj
e:\siglusextract\lib\libvorbis-1.3.5\win32\vs2010\libvorbis\win32\release\sharedbook.obj
e:\siglusextract\lib\libvorbis-1.3.5\win32\vs2010\libvorbis\win32\release\res0.obj
e:\siglusextract\lib\libvorbis-1.3.5\win32\vs2010\libvorbis\win32\release\registry.obj
e:\siglusextract\lib\libvorbis-1.3.5\win32\vs2010\libvorbis\win32\release\psy.obj
e:\siglusextract\lib\libvorbis-1.3.5\win32\vs2010\libvorbis\win32\release\mdct.obj
e:\siglusextract\lib\libvorbis-1.3.5\win32\vs2010\libvorbis\win32\release\mapping0.obj
e:\siglusextract\lib\libvorbis-1.3.5\win32\vs2010\libvorbis\win32\release\lsp.obj
e:\siglusextract\lib\libvorbis-1.3.5\win32\vs2010\libvorbis\win32\release\lpc.obj
e:\siglusextract\lib\libvorbis-1.3.5\win32\vs2010\libvorbis\win32\release\lookup.obj
e:\siglusextract\lib\libvorbis-1.3.5\win32\vs2010\libvorbis\win32\release\info.obj
e:\siglusextract\lib\libvorbis-1.3.5\win32\vs2010\libvorbis\win32\release\floor1.obj
e:\siglusextract\lib\libvorbis-1.3.5\win32\vs2010\libvorbis\win32\release\floor0.obj
e:\siglusextract\lib\libvorbis-1.3.5\win32\vs2010\libvorbis\win32\release\envelope.obj
e:\siglusextract\lib\libvorbis-1.3.5\win32\vs2010\libvorbis\win32\release\codebook.obj
e:\siglusextract\lib\libvorbis-1.3.5\win32\vs2010\libvorbis\win32\release\block.obj
e:\siglusextract\lib\libvorbis-1.3.5\win32\vs2010\libvorbis\win32\release\bitrate.obj
e:\siglusextract\lib\libvorbis-1.3.5\win32\vs2010\libvorbis\win32\release\analysis.obj
e:\siglusextract\lib\libvorbis-1.3.5\win32\vs2010\libvorbis\win32\release\window.obj
e:\siglusextract\lib\libvorbis-1.3.5\win32\vs2010\win32\release\libvorbis_static.lib
e:\siglusextract\lib\libvorbis-1.3.5\win32\vs2010\libvorbis\win32\release\libvorbis_static.tlog\cl.command.1.tlog
e:\siglusextract\lib\libvorbis-1.3.5\win32\vs2010\libvorbis\win32\release\libvorbis_static.tlog\cl.read.1.tlog
e:\siglusextract\lib\libvorbis-1.3.5\win32\vs2010\libvorbis\win32\release\libvorbis_static.tlog\cl.write.1.tlog
e:\siglusextract\lib\libvorbis-1.3.5\win32\vs2010\libvorbis\win32\release\libvorbis_static.tlog\lib-link.read.1.tlog
e:\siglusextract\lib\libvorbis-1.3.5\win32\vs2010\libvorbis\win32\release\libvorbis_static.tlog\lib-link.write.1.tlog
e:\siglusextract\lib\libvorbis-1.3.5\win32\vs2010\libvorbis\win32\release\libvorbis_static.tlog\lib.command.1.tlog
