生成启动时间为 5/30/2017 1:35:18 AM。
     1>项目“E:\SiglusExtract\lib\lpng1628\projects\vstudio\zlib\zlib.vcxproj”在节点 2 上(Build 个目标)。
     1>ClCompile:
         C:\Program Files (x86)\Microsoft Visual Studio 12.0\VC\bin\CL.exe /c /Zi /nologo /Wall /WX /Ox /Oi /Oy- /GL /D WIN32 /D NDEBUG /D _WINDOWS /D Z_SOLO /Gm- /EHsc /MT /GS- /Gy /Zc:wchar_t /Zc:forScope /Fo"Release Library\\" /Fd"Release Library\vc120.pdb" /FR"Release Library\\" /Gd /TC /wd4255 /wd4668 /wd4710 /wd4711 /wd4746 /wd4820 /wd4996 /wd4127 /wd4131 /wd4242 /wd4244 /analyze- /errorReport:prompt "..\..\..\..\zlib-1.2.8\adler32.c" "..\..\..\..\zlib-1.2.8\compress.c" "..\..\..\..\zlib-1.2.8\crc32.c" "..\..\..\..\zlib-1.2.8\deflate.c" "..\..\..\..\zlib-1.2.8\infback.c" "..\..\..\..\zlib-1.2.8\inffast.c" "..\..\..\..\zlib-1.2.8\inflate.c" "..\..\..\..\zlib-1.2.8\inftrees.c" "..\..\..\..\zlib-1.2.8\trees.c" "..\..\..\..\zlib-1.2.8\uncompr.c" "..\..\..\..\zlib-1.2.8\zutil.c"
         adler32.c
         compress.c
         crc32.c
         deflate.c
         infback.c
         inffast.c
         inflate.c
         inftrees.c
         trees.c
         uncompr.c
         zutil.c
       Lib:
         C:\Program Files (x86)\Microsoft Visual Studio 12.0\VC\bin\Lib.exe /OUT:"E:\SiglusExtract\lib\lpng1628\projects\vstudio\Release Library\zlib.lib" /NOLOGO /LTCG "Release Library\adler32.obj"
         "Release Library\compress.obj"
         "Release Library\crc32.obj"
         "Release Library\deflate.obj"
         "Release Library\infback.obj"
         "Release Library\inffast.obj"
         "Release Library\inflate.obj"
         "Release Library\inftrees.obj"
         "Release Library\trees.obj"
         "Release Library\uncompr.obj"
         "Release Library\zutil.obj"
         zlib.vcxproj -> E:\SiglusExtract\lib\lpng1628\projects\vstudio\Release Library\zlib.lib
       BscMake:
         C:\Program Files (x86)\Microsoft Visual Studio 12.0\VC\bin\bscmake.exe /nologo /o"E:\SiglusExtract\lib\lpng1628\projects\vstudio\Release Library\zlib.bsc" "Release Library\adler32.sbr" "Release Library\compress.sbr" "Release Library\crc32.sbr" "Release Library\deflate.sbr" "Release Library\infback.sbr" "Release Library\inffast.sbr" "Release Library\inflate.sbr" "Release Library\inftrees.sbr" "Release Library\trees.sbr" "Release Library\uncompr.sbr" "Release Library\zutil.sbr"
     1>已完成生成项目“E:\SiglusExtract\lib\lpng1628\projects\vstudio\zlib\zlib.vcxproj”(Build 个目标)的操作。

生成成功。

已用时间 00:00:00.86
